# JRE version: Java(TM) SE Runtime Environment (21.0.4+8) (build 21.0.4+8-LTS-274)
# Java VM: Java HotSpot(TM) 64-Bit Server VM (21.0.4+8-LTS-274, mixed mode, sharing, tiered, compressed oops, compressed class ptrs, g1 gc, windows-amd64)
GC Precious Log:
 CardTable entry size: 512
 Card Set container configuration: InlinePtr #cards 5 size 8 Array Of Cards #cards 12 size 40 Howl #buckets 4 coarsen threshold 1843 Howl Bitmap #cards 512 size 80 coarsen threshold 460 Card regions per heap region 1 cards per card region 2048
 CPUs: 8 total, 8 available
 Memory: 8043M
 Large Page Support: Disabled
 NUMA Support: Disabled
 Compressed Oops: Enabled (32-bit)
 Heap Region Size: 1M
 Heap Min Capacity: 8M
 Heap Initial Capacity: 126M
 Heap Max Capacity: 2012M
 Pre-touch: Disabled
 Parallel Workers: 8
 Concurrent Workers: 2
 Concurrent Refinement Workers: 8
 Periodic GC: Disabled
Heap:
 garbage-first heap   total 118784K, used 70234K [0x0000000082400000, 0x0000000100000000)
  region size 1024K, 32 young (32768K), 5 survivors (5120K)
 Metaspace       used 78013K, committed 78720K, reserved 1179648K
  class space    used 10735K, committed 11072K, reserved 1048576K
GC Heap History (20 events):
Event: 4.383 GC heap before
{Heap before GC invocations=7 (full 0):
 garbage-first heap   total 51200K, used 33018K [0x0000000082400000, 0x0000000100000000)
  region size 1024K, 18 young (18432K), 3 survivors (3072K)
 Metaspace       used 35474K, committed 35968K, reserved 1114112K
  class space    used 4607K, committed 4800K, reserved 1048576K
}
Event: 4.389 GC heap after
{Heap after GC invocations=8 (full 0):
 garbage-first heap   total 61440K, used 20367K [0x0000000082400000, 0x0000000100000000)
  region size 1024K, 1 young (1024K), 1 survivors (1024K)
 Metaspace       used 35474K, committed 35968K, reserved 1114112K
  class space    used 4607K, committed 4800K, reserved 1048576K
}
Event: 5.416 GC heap before
{Heap before GC invocations=9 (full 0):
 garbage-first heap   total 61440K, used 50063K [0x0000000082400000, 0x0000000100000000)
  region size 1024K, 31 young (31744K), 1 survivors (1024K)
 Metaspace       used 47738K, committed 48320K, reserved 1114112K
  class space    used 6243K, committed 6528K, reserved 1048576K
}
Event: 5.422 GC heap after
{Heap after GC invocations=10 (full 0):
 garbage-first heap   total 61440K, used 23151K [0x0000000082400000, 0x0000000100000000)
  region size 1024K, 4 young (4096K), 4 survivors (4096K)
 Metaspace       used 47738K, committed 48320K, reserved 1114112K
  class space    used 6243K, committed 6528K, reserved 1048576K
}
Event: 6.100 GC heap before
{Heap before GC invocations=10 (full 0):
 garbage-first heap   total 61440K, used 50799K [0x0000000082400000, 0x0000000100000000)
  region size 1024K, 32 young (32768K), 4 survivors (4096K)
 Metaspace       used 54101K, committed 54656K, reserved 1114112K
  class space    used 7076K, committed 7296K, reserved 1048576K
}
Event: 6.109 GC heap after
{Heap after GC invocations=11 (full 0):
 garbage-first heap   total 61440K, used 24792K [0x0000000082400000, 0x0000000100000000)
  region size 1024K, 2 young (2048K), 2 survivors (2048K)
 Metaspace       used 54101K, committed 54656K, reserved 1114112K
  class space    used 7076K, committed 7296K, reserved 1048576K
}
Event: 6.532 GC heap before
{Heap before GC invocations=11 (full 0):
 garbage-first heap   total 61440K, used 45272K [0x0000000082400000, 0x0000000100000000)
  region size 1024K, 24 young (24576K), 2 survivors (2048K)
 Metaspace       used 59858K, committed 60416K, reserved 1114112K
  class space    used 8002K, committed 8256K, reserved 1048576K
}
Event: 6.537 GC heap after
{Heap after GC invocations=12 (full 0):
 garbage-first heap   total 61440K, used 25649K [0x0000000082400000, 0x0000000100000000)
  region size 1024K, 3 young (3072K), 3 survivors (3072K)
 Metaspace       used 59858K, committed 60416K, reserved 1114112K
  class space    used 8002K, committed 8256K, reserved 1048576K
}
Event: 7.151 GC heap before
{Heap before GC invocations=13 (full 0):
 garbage-first heap   total 61440K, used 52273K [0x0000000082400000, 0x0000000100000000)
  region size 1024K, 30 young (30720K), 3 survivors (3072K)
 Metaspace       used 65963K, committed 66624K, reserved 1114112K
  class space    used 8880K, committed 9152K, reserved 1048576K
}
Event: 7.159 GC heap after
{Heap after GC invocations=14 (full 0):
 garbage-first heap   total 61440K, used 27682K [0x0000000082400000, 0x0000000100000000)
  region size 1024K, 3 young (3072K), 3 survivors (3072K)
 Metaspace       used 65963K, committed 66624K, reserved 1114112K
  class space    used 8880K, committed 9152K, reserved 1048576K
}
Event: 7.702 GC heap before
{Heap before GC invocations=14 (full 0):
 garbage-first heap   total 61440K, used 53282K [0x0000000082400000, 0x0000000100000000)
  region size 1024K, 28 young (28672K), 3 survivors (3072K)
 Metaspace       used 69598K, committed 70272K, reserved 1114112K
  class space    used 9589K, committed 9920K, reserved 1048576K
}
Event: 7.718 GC heap after
{Heap after GC invocations=15 (full 0):
 garbage-first heap   total 61440K, used 29438K [0x0000000082400000, 0x0000000100000000)
  region size 1024K, 4 young (4096K), 4 survivors (4096K)
 Metaspace       used 69598K, committed 70272K, reserved 1114112K
  class space    used 9589K, committed 9920K, reserved 1048576K
}
Event: 8.353 GC heap before
{Heap before GC invocations=15 (full 0):
 garbage-first heap   total 61440K, used 52990K [0x0000000082400000, 0x0000000100000000)
  region size 1024K, 28 young (28672K), 4 survivors (4096K)
 Metaspace       used 72679K, committed 73344K, reserved 1114112K
  class space    used 10013K, committed 10304K, reserved 1048576K
}
Event: 8.358 GC heap after
{Heap after GC invocations=16 (full 0):
 garbage-first heap   total 61440K, used 31525K [0x0000000082400000, 0x0000000100000000)
  region size 1024K, 2 young (2048K), 2 survivors (2048K)
 Metaspace       used 72679K, committed 73344K, reserved 1114112K
  class space    used 10013K, committed 10304K, reserved 1048576K
}
Event: 8.575 GC heap before
{Heap before GC invocations=16 (full 0):
 garbage-first heap   total 61440K, used 55077K [0x0000000082400000, 0x0000000100000000)
  region size 1024K, 25 young (25600K), 2 survivors (2048K)
 Metaspace       used 72870K, committed 73600K, reserved 1114112K
  class space    used 10022K, committed 10368K, reserved 1048576K
}
Event: 8.579 GC heap after
{Heap after GC invocations=17 (full 0):
 garbage-first heap   total 61440K, used 33955K [0x0000000082400000, 0x0000000100000000)
  region size 1024K, 4 young (4096K), 4 survivors (4096K)
 Metaspace       used 72870K, committed 73600K, reserved 1114112K
  class space    used 10022K, committed 10368K, reserved 1048576K
}
Event: 8.709 GC heap before
{Heap before GC invocations=18 (full 0):
 garbage-first heap   total 65536K, used 52387K [0x0000000082400000, 0x0000000100000000)
  region size 1024K, 22 young (22528K), 4 survivors (4096K)
 Metaspace       used 72871K, committed 73600K, reserved 1114112K
  class space    used 10022K, committed 10368K, reserved 1048576K
}
Event: 8.717 GC heap after
{Heap after GC invocations=19 (full 0):
 garbage-first heap   total 65536K, used 39170K [0x0000000082400000, 0x0000000100000000)
  region size 1024K, 3 young (3072K), 3 survivors (3072K)
 Metaspace       used 72871K, committed 73600K, reserved 1114112K
  class space    used 10022K, committed 10368K, reserved 1048576K
}
Event: 8.796 GC heap before
{Heap before GC invocations=19 (full 0):
 garbage-first heap   total 65536K, used 55554K [0x0000000082400000, 0x0000000100000000)
  region size 1024K, 19 young (19456K), 3 survivors (3072K)
 Metaspace       used 72907K, committed 73664K, reserved 1114112K
  class space    used 10037K, committed 10368K, reserved 1048576K
}
Event: 8.802 GC heap after
{Heap after GC invocations=20 (full 0):
 garbage-first heap   total 118784K, used 40255K [0x0000000082400000, 0x0000000100000000)
  region size 1024K, 1 young (1024K), 1 survivors (1024K)
 Metaspace       used 72907K, committed 73664K, reserved 1114112K
  class space    used 10037K, committed 10368K, reserved 1048576K
}

